<?xml version="1.0" encoding="UTF-8"?>
<!-- Generated by org.testng.reporters.JUnitXMLReporter -->
<testsuite hostname="LAPTOP-DPFBDDPG" ignored="2" name="Default test" tests="4" failures="2" timestamp="2020-06-13T22:34:44 IDT" time="44.774" errors="0">
  <testcase name="register" time="4.791" classname="tests.TestPageObject"/>
  <testcase name="register" time="8.454" classname="tests.TestPageObject">
    <failure/>
  </testcase> <!-- register -->
  <testcase name="register" time="3.578" classname="tests.TestPageObject"/>
  <testcase name="register" time="0.679" classname="tests.TestPageObject">
    <failure/>
  </testcase> <!-- register -->
  <testcase name="addImageToReportExample" time="0.0" classname="tests.TestPageObject">
    <ignored/>
  </testcase> <!-- addImageToReportExample -->
  <testcase name="searchLocalTime" time="0.0" classname="tests.TestPageObject">
    <ignored/>
  </testcase> <!-- searchLocalTime -->
</testsuite> <!-- Default test -->
